<?xml version="1.0" encoding="UTF-8"?>
<testsuites name="jest tests" tests="1" failures="0" errors="0" time="2.223">
  <testsuite name="deleteAllUsers" errors="0" failures="0" skipped="0" timestamp="2024-01-09T03:31:32" time="2.114" tests="1">
    <testcase classname="deleteAllUsers should return forbidden" name="deleteAllUsers should return forbidden" time="0.011">
    </testcase>
  </testsuite>
</testsuites>